<?xml version="1.0" encoding="utf-8"?><testsuites name="pytest tests"><testsuite name="pytest" errors="0" failures="0" skipped="0" tests="47" time="0.270" timestamp="2026-08-18T19:35:13.437249+08:00" hostname="LAPTOP-T30656IP"><testcase classname="miniprogram.test_miniprogram.TestStudentLogin" name="test_student_login" time="0.078" /><testcase classname="miniprogram.test_miniprogram.TestStudentLogin" name="test_login_with_invalid_password" time="0.005" /><testcase classname="miniprogram.test_miniprogram.TestStudentLogin" name="test_login_with_empty_username" time="0.004" /><testcase classname="miniprogram.test_miniprogram.TestEventsList" name="test_events_list" time="0.003" /><testcase classname="miniprogram.test_miniprogram.TestEventsList" name="test_event_items_chain" time="0.006" /><testcase classname="miniprogram.test_miniprogram.TestEventsList" name="test_all_levels" time="0.004" /><testcase classname="miniprogram.test_miniprogram.TestSubmitScoreFlow" name="test_submit_score_flow" time="0.037" /><testcase classname="miniprogram.test_miniprogram.TestSubmitScoreFlow" name="test_submit_score_missing_fields" time="0.004" /><testcase classname="miniprogram.test_miniprogram.TestMyScoresDisplay" name="test_my_scores_display" time="0.010" /><testcase classname="miniprogram.test_miniprogram.TestMyScoresDisplay" name="test_my_scores_with_query_param" time="0.003" /><testcase classname="miniprogram.test_miniprogram.TestTotalScore" name="test_total_score" time="0.009" /><testcase classname="miniprogram.test_miniprogram.TestTotalScore" name="test_total_score_with_query_param" time="0.003" /><testcase classname="miniprogram.test_mock_unit.TestLoginFlowMock" name="test_login_success_flow" time="0.001" /><testcase classname="miniprogram.test_mock_unit.TestLoginFlowMock" name="test_login_failure_flow" time="0.001" /><testcase classname="miniprogram.test_mock_unit.TestLoginFlowMock" name="test_login_empty_username" time="0.001" /><testcase classname="miniprogram.test_mock_unit.TestLoginFlowMock" name="test_login_empty_password" time="0.001" /><testcase classname="miniprogram.test_mock_unit.TestLoginFlowMock" name="test_login_whitespace_only" time="0.001" /><testcase classname="miniprogram.test_mock_unit.TestLoginFlowMock" name="test_login_with_mock_api_call" time="0.001" /><testcase classname="miniprogram.test_mock_unit.TestSubmitScoreValidation" name="test_all_fields_valid" time="0.001" /><testcase classname="miniprogram.test_mock_unit.TestSubmitScoreValidation" name="test_missing_event" time="0.001" /><testcase classname="miniprogram.test_mock_unit.TestSubmitScoreValidation" name="test_missing_item" time="0.001" /><testcase classname="miniprogram.test_mock_unit.TestSubmitScoreValidation" name="test_missing_level" time="0.001" /><testcase classname="miniprogram.test_mock_unit.TestSubmitScoreValidation" name="test_missing_cert_date" time="0.001" /><testcase classname="miniprogram.test_mock_unit.TestSubmitScoreValidation" name="test_build_submit_form_data" time="0.001" /><testcase classname="miniprogram.test_mock_unit.TestSubmitScoreValidation" name="test_submit_success_response" time="0.001" /><testcase classname="miniprogram.test_mock_unit.TestSubmitScoreValidation" name="test_submit_failure_response" time="0.001" /><testcase classname="miniprogram.test_mock_unit.TestEventsFilterMock" name="test_empty_keyword_returns_all" time="0.001" /><testcase classname="miniprogram.test_mock_unit.TestEventsFilterMock" name="test_filter_by_exact_name" time="0.001" /><testcase classname="miniprogram.test_mock_unit.TestEventsFilterMock" name="test_filter_case_insensitive" time="0.001" /><testcase classname="miniprogram.test_mock_unit.TestEventsFilterMock" name="test_filter_partial_match" time="0.001" /><testcase classname="miniprogram.test_mock_unit.TestEventsFilterMock" name="test_filter_no_match" time="0.001" /><testcase classname="miniprogram.test_mock_unit.TestEventsFilterMock" name="test_filter_multiple_results" time="0.001" /><testcase classname="miniprogram.test_mock_unit.TestEventsFilterMock" name="test_filter_empty_events_list" time="0.001" /><testcase classname="miniprogram.test_mock_unit.TestEventsFilterMock" name="test_filter_name_field_missing" time="0.001" /><testcase classname="miniprogram.test_mock_unit.TestScoreStatusDisplay" name="test_status_0_pending" time="0.001" /><testcase classname="miniprogram.test_mock_unit.TestScoreStatusDisplay" name="test_status_1_approved" time="0.001" /><testcase classname="miniprogram.test_mock_unit.TestScoreStatusDisplay" name="test_status_2_rejected" time="0.001" /><testcase classname="miniprogram.test_mock_unit.TestScoreStatusDisplay" name="test_status_null_pending" time="0.001" /><testcase classname="miniprogram.test_mock_unit.TestScoreStatusDisplay" name="test_status_unknown" time="0.001" /><testcase classname="miniprogram.test_mock_unit.TestScoreStatusDisplay" name="test_batch_status_mapping" time="0.001" /><testcase classname="miniprogram.test_mock_unit.TestScoreStatusDisplay" name="test_status_display_in_score_list" time="0.001" /><testcase classname="miniprogram.test_mock_unit.TestLevelOptionsMap" name="test_level_id_to_name" time="0.001" /><testcase classname="miniprogram.test_mock_unit.TestLevelOptionsMap" name="test_level_id_to_index" time="0.001" /><testcase classname="miniprogram.test_mock_unit.TestLevelOptionsMap" name="test_level_data_consistency" time="0.001" /><testcase classname="miniprogram.test_mock_unit.TestLevelOptionsMap" name="test_level_sorted_by_index_desc" time="0.001" /><testcase classname="miniprogram.test_mock_unit.TestLevelOptionsMap" name="test_level_names_unique" time="0.001" /><testcase classname="miniprogram.test_mock_unit.TestLevelOptionsMap" name="test_level_selected_index_to_id" time="0.001" /></testsuite></testsuites>